# JRE version: OpenJDK Runtime Environment Temurin-21.0.11+10 (21.0.11+10) (build 21.0.11+10-LTS)
# Java VM: OpenJDK 64-Bit Server VM Temurin-21.0.11+10 (21.0.11+10-LTS, mixed mode, sharing, tiered, compressed oops, compressed class ptrs, parallel gc, windows-amd64)
GC Precious Log:
 CardTable entry size: 512
 CPUs: 4 total, 4 available
 Memory: 8044M
 Large Page Support: Disabled
 NUMA Support: Disabled
 Compressed Oops: Enabled (32-bit)
 Alignments: Space 512K, Generation 512K, Heap 2M
 Heap Min Capacity: 100M
 Heap Initial Capacity: 100M
 Heap Max Capacity: 2G
 Pre-touch: Disabled
 Parallel Workers: 4
Heap:
 PSYoungGen      total 1024K, used 867K [0x00000000d5580000, 0x00000000d5980000, 0x0000000100000000)
  eden space 512K, 69% used [0x00000000d5580000,0x00000000d55d8db0,0x00000000d5600000)
  from space 512K, 100% used [0x00000000d5780000,0x00000000d5800000,0x00000000d5800000)
  to   space 1536K, 0% used [0x00000000d5600000,0x00000000d5600000,0x00000000d5780000)
 ParOldGen       total 1285632K, used 1285524K [0x0000000080000000, 0x00000000ce780000, 0x00000000d5580000)
  object space 1285632K, 99% used [0x0000000080000000,0x00000000ce765300,0x00000000ce780000)
 Metaspace       used 83857K, committed 85632K, reserved 1179648K
  class space    used 8872K, committed 9664K, reserved 1048576K
GC Heap History (20 events):
Event: 4676.940 GC heap before
{Heap before GC invocations=2595 (full 7):
 PSYoungGen      total 2560K, used 2018K [0x00000000d5580000, 0x00000000d5980000, 0x0000000100000000)
  eden space 1024K, 94% used [0x00000000d5580000,0x00000000d5672050,0x00000000d5680000)
  from space 1536K, 68% used [0x00000000d5800000,0x00000000d5906a00,0x00000000d5980000)
  to   space 1536K, 0% used [0x00000000d5680000,0x00000000d5680000,0x00000000d5800000)
 ParOldGen       total 1280512K, used 1280396K [0x0000000080000000, 0x00000000ce280000, 0x00000000d5580000)
  object space 1280512K, 99% used [0x0000000080000000,0x00000000ce2630b8,0x00000000ce280000)
 Metaspace       used 83855K, committed 85632K, reserved 1179648K
  class space    used 8872K, committed 9664K, reserved 1048576K
}
Event: 4676.944 GC heap after
{Heap after GC invocations=2595 (full 7):
 PSYoungGen      total 2560K, used 1040K [0x00000000d5580000, 0x00000000d5980000, 0x0000000100000000)
  eden space 1024K, 0% used [0x00000000d5580000,0x00000000d5580000,0x00000000d5680000)
  from space 1536K, 67% used [0x00000000d5680000,0x00000000d57843a8,0x00000000d5800000)
  to   space 1536K, 0% used [0x00000000d5800000,0x00000000d5800000,0x00000000d5980000)
 ParOldGen       total 1281536K, used 1281385K [0x0000000080000000, 0x00000000ce380000, 0x00000000d5580000)
  object space 1281536K, 99% used [0x0000000080000000,0x00000000ce35a438,0x00000000ce380000)
 Metaspace       used 83855K, committed 85632K, reserved 1179648K
  class space    used 8872K, committed 9664K, reserved 1048576K
}
Event: 4677.036 GC heap before
{Heap before GC invocations=2596 (full 7):
 PSYoungGen      total 2560K, used 2064K [0x00000000d5580000, 0x00000000d5980000, 0x0000000100000000)
  eden space 1024K, 100% used [0x00000000d5580000,0x00000000d5680000,0x00000000d5680000)
  from space 1536K, 67% used [0x00000000d5680000,0x00000000d57843a8,0x00000000d5800000)
  to   space 1536K, 0% used [0x00000000d5800000,0x00000000d5800000,0x00000000d5980000)
 ParOldGen       total 1281536K, used 1281385K [0x0000000080000000, 0x00000000ce380000, 0x00000000d5580000)
  object space 1281536K, 99% used [0x0000000080000000,0x00000000ce35a438,0x00000000ce380000)
 Metaspace       used 83855K, committed 85632K, reserved 1179648K
  class space    used 8872K, committed 9664K, reserved 1048576K
}
Event: 4677.039 GC heap after
{Heap after GC invocations=2596 (full 7):
 PSYoungGen      total 2048K, used 983K [0x00000000d5580000, 0x00000000d5900000, 0x0000000100000000)
  eden space 1024K, 0% used [0x00000000d5580000,0x00000000d5580000,0x00000000d5680000)
  from space 1024K, 96% used [0x00000000d5800000,0x00000000d58f5de8,0x00000000d5900000)
  to   space 1024K, 0% used [0x00000000d5700000,0x00000000d5700000,0x00000000d5800000)
 ParOldGen       total 1282560K, used 1282345K [0x0000000080000000, 0x00000000ce480000, 0x00000000d5580000)
  object space 1282560K, 99% used [0x0000000080000000,0x00000000ce44a658,0x00000000ce480000)
 Metaspace       used 83855K, committed 85632K, reserved 1179648K
  class space    used 8872K, committed 9664K, reserved 1048576K
}
Event: 4677.058 GC heap before
{Heap before GC invocations=2597 (full 7):
 PSYoungGen      total 2048K, used 2007K [0x00000000d5580000, 0x00000000d5900000, 0x0000000100000000)
  eden space 1024K, 99% used [0x00000000d5580000,0x00000000d567ffd0,0x00000000d5680000)
  from space 1024K, 96% used [0x00000000d5800000,0x00000000d58f5de8,0x00000000d5900000)
  to   space 1024K, 0% used [0x00000000d5700000,0x00000000d5700000,0x00000000d5800000)
 ParOldGen       total 1282560K, used 1282345K [0x0000000080000000, 0x00000000ce480000, 0x00000000d5580000)
  object space 1282560K, 99% used [0x0000000080000000,0x00000000ce44a658,0x00000000ce480000)
 Metaspace       used 83855K, committed 85632K, reserved 1179648K
  class space    used 8872K, committed 9664K, reserved 1048576K
}
Event: 4677.062 GC heap after
{Heap after GC invocations=2597 (full 7):
 PSYoungGen      total 1536K, used 444K [0x00000000d5580000, 0x00000000d5880000, 0x0000000100000000)
  eden space 1024K, 0% used [0x00000000d5580000,0x00000000d5580000,0x00000000d5680000)
  from space 512K, 86% used [0x00000000d5700000,0x00000000d576f0e0,0x00000000d5780000)
  to   space 1024K, 0% used [0x00000000d5780000,0x00000000d5780000,0x00000000d5880000)
 ParOldGen       total 1283584K, used 1283297K [0x0000000080000000, 0x00000000ce580000, 0x00000000d5580000)
  object space 1283584K, 99% used [0x0000000080000000,0x00000000ce538710,0x00000000ce580000)
 Metaspace       used 83855K, committed 85632K, reserved 1179648K
  class space    used 8872K, committed 9664K, reserved 1048576K
}
Event: 4677.181 GC heap before
{Heap before GC invocations=2598 (full 7):
 PSYoungGen      total 1536K, used 1457K [0x00000000d5580000, 0x00000000d5880000, 0x0000000100000000)
  eden space 1024K, 98% used [0x00000000d5580000,0x00000000d567d3f0,0x00000000d5680000)
  from space 512K, 86% used [0x00000000d5700000,0x00000000d576f0e0,0x00000000d5780000)
  to   space 1024K, 0% used [0x00000000d5780000,0x00000000d5780000,0x00000000d5880000)
 ParOldGen       total 1283584K, used 1283297K [0x0000000080000000, 0x00000000ce580000, 0x00000000d5580000)
  object space 1283584K, 99% used [0x0000000080000000,0x00000000ce538710,0x00000000ce580000)
 Metaspace       used 83855K, committed 85632K, reserved 1179648K
  class space    used 8872K, committed 9664K, reserved 1048576K
}
Event: 4677.186 GC heap after
{Heap after GC invocations=2598 (full 7):
 PSYoungGen      total 1536K, used 176K [0x00000000d5580000, 0x00000000d5800000, 0x0000000100000000)
  eden space 1024K, 0% used [0x00000000d5580000,0x00000000d5580000,0x00000000d5680000)
  from space 512K, 34% used [0x00000000d5780000,0x00000000d57ac010,0x00000000d5800000)
  to   space 512K, 0% used [0x00000000d5700000,0x00000000d5700000,0x00000000d5780000)
 ParOldGen       total 1283584K, used 1283465K [0x0000000080000000, 0x00000000ce580000, 0x00000000d5580000)
  object space 1283584K, 99% used [0x0000000080000000,0x00000000ce562710,0x00000000ce580000)
 Metaspace       used 83855K, committed 85632K, reserved 1179648K
  class space    used 8872K, committed 9664K, reserved 1048576K
}
Event: 4677.593 GC heap before
{Heap before GC invocations=2599 (full 7):
 PSYoungGen      total 1536K, used 1190K [0x00000000d5580000, 0x00000000d5800000, 0x0000000100000000)
  eden space 1024K, 99% used [0x00000000d5580000,0x00000000d567da48,0x00000000d5680000)
  from space 512K, 34% used [0x00000000d5780000,0x00000000d57ac010,0x00000000d5800000)
  to   space 512K, 0% used [0x00000000d5700000,0x00000000d5700000,0x00000000d5780000)
 ParOldGen       total 1283584K, used 1283465K [0x0000000080000000, 0x00000000ce580000, 0x00000000d5580000)
  object space 1283584K, 99% used [0x0000000080000000,0x00000000ce562710,0x00000000ce580000)
 Metaspace       used 83855K, committed 85632K, reserved 1179648K
  class space    used 8872K, committed 9664K, reserved 1048576K
}
Event: 4677.598 GC heap after
{Heap after GC invocations=2599 (full 7):
 PSYoungGen      total 1536K, used 224K [0x00000000d5580000, 0x00000000d5800000, 0x0000000100000000)
  eden space 1024K, 0% used [0x00000000d5580000,0x00000000d5580000,0x00000000d5680000)
  from space 512K, 43% used [0x00000000d5700000,0x00000000d5738000,0x00000000d5780000)
  to   space 512K, 0% used [0x00000000d5780000,0x00000000d5780000,0x00000000d5800000)
 ParOldGen       total 1283584K, used 1283513K [0x0000000080000000, 0x00000000ce580000, 0x00000000d5580000)
  object space 1283584K, 99% used [0x0000000080000000,0x00000000ce56e710,0x00000000ce580000)
 Metaspace       used 83855K, committed 85632K, reserved 1179648K
  class space    used 8872K, committed 9664K, reserved 1048576K
}
Event: 4677.928 GC heap before
{Heap before GC invocations=2600 (full 7):
 PSYoungGen      total 1536K, used 1248K [0x00000000d5580000, 0x00000000d5800000, 0x0000000100000000)
  eden space 1024K, 100% used [0x00000000d5580000,0x00000000d5680000,0x00000000d5680000)
  from space 512K, 43% used [0x00000000d5700000,0x00000000d5738000,0x00000000d5780000)
  to   space 512K, 0% used [0x00000000d5780000,0x00000000d5780000,0x00000000d5800000)
 ParOldGen       total 1283584K, used 1283513K [0x0000000080000000, 0x00000000ce580000, 0x00000000d5580000)
  object space 1283584K, 99% used [0x0000000080000000,0x00000000ce56e710,0x00000000ce580000)
 Metaspace       used 83856K, committed 85632K, reserved 1179648K
  class space    used 8872K, committed 9664K, reserved 1048576K
}
Event: 4677.933 GC heap after
{Heap after GC invocations=2600 (full 7):
 PSYoungGen      total 1536K, used 144K [0x00000000d5580000, 0x00000000d5800000, 0x0000000100000000)
  eden space 1024K, 0% used [0x00000000d5580000,0x00000000d5580000,0x00000000d5680000)
  from space 512K, 28% used [0x00000000d5780000,0x00000000d57a4010,0x00000000d5800000)
  to   space 512K, 0% used [0x00000000d5700000,0x00000000d5700000,0x00000000d5780000)
 ParOldGen       total 1284096K, used 1283589K [0x0000000080000000, 0x00000000ce600000, 0x00000000d5580000)
  object space 1284096K, 99% used [0x0000000080000000,0x00000000ce581720,0x00000000ce600000)
 Metaspace       used 83856K, committed 85632K, reserved 1179648K
  class space    used 8872K, committed 9664K, reserved 1048576K
}
Event: 4678.427 GC heap before
{Heap before GC invocations=2601 (full 7):
 PSYoungGen      total 1536K, used 1168K [0x00000000d5580000, 0x00000000d5800000, 0x0000000100000000)
  eden space 1024K, 100% used [0x00000000d5580000,0x00000000d5680000,0x00000000d5680000)
  from space 512K, 28% used [0x00000000d5780000,0x00000000d57a4010,0x00000000d5800000)
  to   space 512K, 0% used [0x00000000d5700000,0x00000000d5700000,0x00000000d5780000)
 ParOldGen       total 1284096K, used 1283589K [0x0000000080000000, 0x00000000ce600000, 0x00000000d5580000)
  object space 1284096K, 99% used [0x0000000080000000,0x00000000ce581720,0x00000000ce600000)
 Metaspace       used 83856K, committed 85632K, reserved 1179648K
  class space    used 8872K, committed 9664K, reserved 1048576K
}
Event: 4678.432 GC heap after
{Heap after GC invocations=2601 (full 7):
 PSYoungGen      total 1536K, used 128K [0x00000000d5580000, 0x00000000d5800000, 0x0000000100000000)
  eden space 1024K, 0% used [0x00000000d5580000,0x00000000d5580000,0x00000000d5680000)
  from space 512K, 25% used [0x00000000d5700000,0x00000000d5720000,0x00000000d5780000)
  to   space 512K, 0% used [0x00000000d5780000,0x00000000d5780000,0x00000000d5800000)
 ParOldGen       total 1284096K, used 1283637K [0x0000000080000000, 0x00000000ce600000, 0x00000000d5580000)
  object space 1284096K, 99% used [0x0000000080000000,0x00000000ce58d730,0x00000000ce600000)
 Metaspace       used 83856K, committed 85632K, reserved 1179648K
  class space    used 8872K, committed 9664K, reserved 1048576K
}
Event: 4678.593 GC heap before
{Heap before GC invocations=2602 (full 7):
 PSYoungGen      total 1536K, used 1152K [0x00000000d5580000, 0x00000000d5800000, 0x0000000100000000)
  eden space 1024K, 100% used [0x00000000d5580000,0x00000000d5680000,0x00000000d5680000)
  from space 512K, 25% used [0x00000000d5700000,0x00000000d5720000,0x00000000d5780000)
  to   space 512K, 0% used [0x00000000d5780000,0x00000000d5780000,0x00000000d5800000)
 ParOldGen       total 1284096K, used 1283637K [0x0000000080000000, 0x00000000ce600000, 0x00000000d5580000)
  object space 1284096K, 99% used [0x0000000080000000,0x00000000ce58d730,0x00000000ce600000)
 Metaspace       used 83856K, committed 85632K, reserved 1179648K
  class space    used 8872K, committed 9664K, reserved 1048576K
}
Event: 4678.596 GC heap after
{Heap after GC invocations=2602 (full 7):
 PSYoungGen      total 1536K, used 128K [0x00000000d5580000, 0x00000000d5800000, 0x0000000100000000)
  eden space 1024K, 0% used [0x00000000d5580000,0x00000000d5580000,0x00000000d5680000)
  from space 512K, 25% used [0x00000000d5780000,0x00000000d57a0000,0x00000000d5800000)
  to   space 512K, 0% used [0x00000000d5700000,0x00000000d5700000,0x00000000d5780000)
 ParOldGen       total 1284096K, used 1283661K [0x0000000080000000, 0x00000000ce600000, 0x00000000d5580000)
  object space 1284096K, 99% used [0x0000000080000000,0x00000000ce593730,0x00000000ce600000)
 Metaspace       used 83856K, committed 85632K, reserved 1179648K
  class space    used 8872K, committed 9664K, reserved 1048576K
}
Event: 4683.744 GC heap before
{Heap before GC invocations=2603 (full 7):
 PSYoungGen      total 1536K, used 1152K [0x00000000d5580000, 0x00000000d5800000, 0x0000000100000000)
  eden space 1024K, 100% used [0x00000000d5580000,0x00000000d5680000,0x00000000d5680000)
  from space 512K, 25% used [0x00000000d5780000,0x00000000d57a0000,0x00000000d5800000)
  to   space 512K, 0% used [0x00000000d5700000,0x00000000d5700000,0x00000000d5780000)
 ParOldGen       total 1285120K, used 1284732K [0x0000000080000000, 0x00000000ce700000, 0x00000000d5580000)
  object space 1285120K, 99% used [0x0000000080000000,0x00000000ce69f2f0,0x00000000ce700000)
 Metaspace       used 83857K, committed 85632K, reserved 1179648K
  class space    used 8872K, committed 9664K, reserved 1048576K
}
Event: 4683.754 GC heap after
{Heap after GC invocations=2603 (full 7):
 PSYoungGen      total 1536K, used 352K [0x00000000d5580000, 0x00000000d5800000, 0x0000000100000000)
  eden space 1024K, 0% used [0x00000000d5580000,0x00000000d5580000,0x00000000d5680000)
  from space 512K, 68% used [0x00000000d5700000,0x00000000d5758000,0x00000000d5780000)
  to   space 512K, 0% used [0x00000000d5780000,0x00000000d5780000,0x00000000d5800000)
 ParOldGen       total 1285120K, used 1284764K [0x0000000080000000, 0x00000000ce700000, 0x00000000d5580000)
  object space 1285120K, 99% used [0x0000000080000000,0x00000000ce6a72f0,0x00000000ce700000)
 Metaspace       used 83857K, committed 85632K, reserved 1179648K
  class space    used 8872K, committed 9664K, reserved 1048576K
}
Event: 4691.341 GC heap before
{Heap before GC invocations=2604 (full 7):
 PSYoungGen      total 1536K, used 1376K [0x00000000d5580000, 0x00000000d5800000, 0x0000000100000000)
  eden space 1024K, 100% used [0x00000000d5580000,0x00000000d5680000,0x00000000d5680000)
  from space 512K, 68% used [0x00000000d5700000,0x00000000d5758000,0x00000000d5780000)
  to   space 512K, 0% used [0x00000000d5780000,0x00000000d5780000,0x00000000d5800000)
 ParOldGen       total 1285120K, used 1284764K [0x0000000080000000, 0x00000000ce700000, 0x00000000d5580000)
  object space 1285120K, 99% used [0x0000000080000000,0x00000000ce6a72f0,0x00000000ce700000)
 Metaspace       used 83857K, committed 85632K, reserved 1179648K
  class space    used 8872K, committed 9664K, reserved 1048576K
}
Event: 4691.663 GC heap after
{Heap after GC invocations=2604 (full 7):
 PSYoungGen      total 1024K, used 512K [0x00000000d5580000, 0x00000000d5980000, 0x0000000100000000)
  eden space 512K, 0% used [0x00000000d5580000,0x00000000d5580000,0x00000000d5600000)
  from space 512K, 100% used [0x00000000d5780000,0x00000000d5800000,0x00000000d5800000)
  to   space 1536K, 0% used [0x00000000d5600000,0x00000000d5600000,0x00000000d5780000)
 ParOldGen       total 1285632K, used 1285524K [0x0000000080000000, 0x00000000ce780000, 0x00000000d5580000)
  object space 1285632K, 99% used [0x0000000080000000,0x00000000ce765300,0x00000000ce780000)
 Metaspace       used 83857K, committed 85632K, reserved 1179648K
  class space    used 8872K, committed 9664K, reserved 1048576K
}

